<?xml version="1.0" encoding="UTF-8"?>
<testsuite name="com.kodilla.stream.array.ArrayOperationsTestSuite" tests="1" skipped="0" failures="0" errors="0" timestamp="2019-12-05T19:27:28" hostname="U0170490-TPL-A" time="0.015">
  <properties/>
  <testcase name="testGetAverage" classname="com.kodilla.stream.array.ArrayOperationsTestSuite" time="0.015"/>
  <system-out><![CDATA[2
6
7
4
3
2
1
]]></system-out>
  <system-err><![CDATA[]]></system-err>
</testsuite>
