<?xml version="1.0" encoding="UTF-8"?>
<testsuite name="com.kodilla.stream.book.testGetListUsingFor" tests="2" skipped="0" failures="0" errors="0" timestamp="2019-12-06T14:26:24" hostname="U0170490-TPL-A" time="0.017">
  <properties/>
  <testcase name="testGetListUsingFor" classname="com.kodilla.stream.book.testGetListUsingFor" time="0.005"/>
  <testcase name="testGetListUsingIntStream" classname="com.kodilla.stream.book.testGetListUsingFor" time="0.011"/>
  <system-out><![CDATA[]]></system-out>
  <system-err><![CDATA[]]></system-err>
</testsuite>
