<?xml version="1.0" encoding="UTF-8"?>
<testsuite name="com.kodilla.stream.sand.SandStorageTestSuite" tests="2" skipped="0" failures="0" errors="0" timestamp="2019-12-06T14:26:25" hostname="U0170490-TPL-A" time="0.009">
  <properties/>
  <testcase name="testGetSandBeansQuantity" classname="com.kodilla.stream.sand.SandStorageTestSuite" time="0.007"/>
  <testcase name="testGetSandBeansQuantityWithReduce" classname="com.kodilla.stream.sand.SandStorageTestSuite" time="0.002"/>
  <system-out><![CDATA[]]></system-out>
  <system-err><![CDATA[]]></system-err>
</testsuite>
