<?xml version="1.0" encoding="UTF-8"?>
<testsuite name="com.kodilla.testing.collection.CollectionTestSuite" tests="2" skipped="0" failures="0" errors="0" timestamp="2019-12-03T13:05:33" hostname="U0170490-TPL-A" time="0.007">
  <properties/>
  <testcase name="testOddNumbersExterminatorEmptyList" classname="com.kodilla.testing.collection.CollectionTestSuite" time="0.007"/>
  <testcase name="testOddNumbersExterminatorNormalList" classname="com.kodilla.testing.collection.CollectionTestSuite" time="0.0"/>
  <system-out><![CDATA[Test Case: begin
Testing empty list
Test Case: end
Test Case: begin
Testing normal list
Test Case: end
]]></system-out>
  <system-err><![CDATA[]]></system-err>
</testsuite>
